C:\Program Files\Microsoft Visual Studio\2022\Community\MSBuild\Microsoft\VC\v170\Microsoft.CppBuild.targets(517,5): warning MSB8004: El directorio Output no termina con una barra diagonal final. Esta instancia de compilación agregará la barra diagonal porque es necesaria para que se pueda evaluar correctamente el directorio Output.
  Game.cpp
C:\Users\AliciaMoraVelasco\Downloads\speeddating\Asteroids-main\Asteroids3\TPV2\TPV2\src\game\constants.h(16,25): warning C4838: la conversión de 'float' en 'int' requiere una conversión de restricción
  (compilando archivo de origen "src/game/Game.cpp")
  
C:\Users\AliciaMoraVelasco\Downloads\speeddating\Asteroids-main\Asteroids3\TPV2\TPV2\src\game\constants.h(16,25): warning C4244: 'inicializando': conversión de 'float' a 'int'; posible pérdida de datos
  (compilando archivo de origen "src/game/Game.cpp")
  
C:\Users\AliciaMoraVelasco\Downloads\speeddating\Asteroids-main\Asteroids3\TPV2\TPV2\src\game\constants.h(17,26): warning C4838: la conversión de 'float' en 'int' requiere una conversión de restricción
  (compilando archivo de origen "src/game/Game.cpp")
  
C:\Users\AliciaMoraVelasco\Downloads\speeddating\Asteroids-main\Asteroids3\TPV2\TPV2\src\game\constants.h(17,26): warning C4244: 'inicializando': conversión de 'float' a 'int'; posible pérdida de datos
  (compilando archivo de origen "src/game/Game.cpp")
  
C:\Users\AliciaMoraVelasco\Downloads\speeddating\Asteroids-main\Asteroids3\TPV2\TPV2\src\Components\Transform.h(17,26): warning C4244: '=': conversión de 'float' a 'int'; posible pérdida de datos
  (compilando archivo de origen "src/game/Game.cpp")
  
C:\Users\AliciaMoraVelasco\Downloads\speeddating\Asteroids-main\Asteroids3\TPV2\TPV2\src\Components\Transform.h(18,26): warning C4244: '=': conversión de 'float' a 'int'; posible pérdida de datos
  (compilando archivo de origen "src/game/Game.cpp")
  
C:\Users\AliciaMoraVelasco\Downloads\speeddating\Asteroids-main\Asteroids3\TPV2\TPV2\src\Components\Transform.h(19,12): warning C4244: '=': conversión de 'float' a 'int'; posible pérdida de datos
  (compilando archivo de origen "src/game/Game.cpp")
  
C:\Users\AliciaMoraVelasco\Downloads\speeddating\Asteroids-main\Asteroids3\TPV2\TPV2\src\Components\Transform.h(20,12): warning C4244: '=': conversión de 'float' a 'int'; posible pérdida de datos
  (compilando archivo de origen "src/game/Game.cpp")
  
C:\Users\AliciaMoraVelasco\Downloads\speeddating\Asteroids-main\Asteroids3\TPV2\TPV2\src\Components\Transform.h(42,42): warning C4244: '=': conversión de 'int' a 'float'; posible pérdida de datos
  (compilando archivo de origen "src/game/Game.cpp")
  
C:\Users\AliciaMoraVelasco\Downloads\speeddating\Asteroids-main\Asteroids3\TPV2\TPV2\src\systems\FighterSystem.h(94,29): warning C4244: 'argumento': conversión de 'const float' a 'int'; posible pérdida de datos
  (compilando archivo de origen "src/game/Game.cpp")
  
C:\Users\AliciaMoraVelasco\Downloads\speeddating\Asteroids-main\Asteroids3\TPV2\TPV2\src\systems\FighterSystem.h(99,30): warning C4244: 'argumento': conversión de 'const float' a 'int'; posible pérdida de datos
  (compilando archivo de origen "src/game/Game.cpp")
  
C:\Users\AliciaMoraVelasco\Downloads\speeddating\Asteroids-main\Asteroids3\TPV2\TPV2\src\systems\FighterSystem.h(103,30): warning C4244: 'argumento': conversión de 'const float' a 'int'; posible pérdida de datos
  (compilando archivo de origen "src/game/Game.cpp")
  
C:\Users\AliciaMoraVelasco\Downloads\speeddating\Asteroids-main\Asteroids3\TPV2\TPV2\src\systems\FighterSystem.h(108,57): warning C4244: 'return': conversión de 'double' a 'float'; posible pérdida de datos
  (compilando archivo de origen "src/game/Game.cpp")
  
C:\Users\AliciaMoraVelasco\Downloads\speeddating\Asteroids-main\Asteroids3\TPV2\TPV2\src\utils\Singleton.h(57,44): warning C4244: 'argumento': conversión de 'const float' a 'int'; posible pérdida de datos
  (compilando archivo de origen "src/game/Game.cpp")
  C:\Users\AliciaMoraVelasco\Downloads\speeddating\Asteroids-main\Asteroids3\TPV2\TPV2\src\utils\Singleton.h(57,44):
  el contexto de creación de instancias de la plantilla (el más antiguo primero) es
  	C:\Users\AliciaMoraVelasco\Downloads\speeddating\Asteroids-main\Asteroids3\TPV2\TPV2\src\game\Game.cpp(8,12):
  	Vea la referencia a la creación de una instancia de la función plantilla "T *Singleton<T>::init<const std::string&,const float&,const float&,const char(&)[41]>(const std::string &,const float &,const float &,const char (&)[41])" que se está compilando
          with
          [
              T=SDLUtils
          ]
  		C:\Users\AliciaMoraVelasco\Downloads\speeddating\Asteroids-main\Asteroids3\TPV2\TPV2\src\game\Game.cpp(8,16):
  		vea la primera referencia a “Singleton<SDLUtils>::init” en “Game::Game”
  
  GameStateMachine.cpp
C:\Users\AliciaMoraVelasco\Downloads\speeddating\Asteroids-main\Asteroids3\TPV2\TPV2\src\game\constants.h(16,25): warning C4838: la conversión de 'float' en 'int' requiere una conversión de restricción
  (compilando archivo de origen "src/game/GameStateMachine.cpp")
  
C:\Users\AliciaMoraVelasco\Downloads\speeddating\Asteroids-main\Asteroids3\TPV2\TPV2\src\game\constants.h(16,25): warning C4244: 'inicializando': conversión de 'float' a 'int'; posible pérdida de datos
  (compilando archivo de origen "src/game/GameStateMachine.cpp")
  
C:\Users\AliciaMoraVelasco\Downloads\speeddating\Asteroids-main\Asteroids3\TPV2\TPV2\src\game\constants.h(17,26): warning C4838: la conversión de 'float' en 'int' requiere una conversión de restricción
  (compilando archivo de origen "src/game/GameStateMachine.cpp")
  
C:\Users\AliciaMoraVelasco\Downloads\speeddating\Asteroids-main\Asteroids3\TPV2\TPV2\src\game\constants.h(17,26): warning C4244: 'inicializando': conversión de 'float' a 'int'; posible pérdida de datos
  (compilando archivo de origen "src/game/GameStateMachine.cpp")
  
C:\Users\AliciaMoraVelasco\Downloads\speeddating\Asteroids-main\Asteroids3\TPV2\TPV2\src\Components\Transform.h(17,26): warning C4244: '=': conversión de 'float' a 'int'; posible pérdida de datos
  (compilando archivo de origen "src/game/GameStateMachine.cpp")
  
C:\Users\AliciaMoraVelasco\Downloads\speeddating\Asteroids-main\Asteroids3\TPV2\TPV2\src\Components\Transform.h(18,26): warning C4244: '=': conversión de 'float' a 'int'; posible pérdida de datos
  (compilando archivo de origen "src/game/GameStateMachine.cpp")
  
C:\Users\AliciaMoraVelasco\Downloads\speeddating\Asteroids-main\Asteroids3\TPV2\TPV2\src\Components\Transform.h(19,12): warning C4244: '=': conversión de 'float' a 'int'; posible pérdida de datos
  (compilando archivo de origen "src/game/GameStateMachine.cpp")
  
C:\Users\AliciaMoraVelasco\Downloads\speeddating\Asteroids-main\Asteroids3\TPV2\TPV2\src\Components\Transform.h(20,12): warning C4244: '=': conversión de 'float' a 'int'; posible pérdida de datos
  (compilando archivo de origen "src/game/GameStateMachine.cpp")
  
C:\Users\AliciaMoraVelasco\Downloads\speeddating\Asteroids-main\Asteroids3\TPV2\TPV2\src\Components\Transform.h(42,42): warning C4244: '=': conversión de 'int' a 'float'; posible pérdida de datos
  (compilando archivo de origen "src/game/GameStateMachine.cpp")
  
C:\Users\AliciaMoraVelasco\Downloads\speeddating\Asteroids-main\Asteroids3\TPV2\TPV2\src\systems\FighterSystem.h(94,29): warning C4244: 'argumento': conversión de 'const float' a 'int'; posible pérdida de datos
  (compilando archivo de origen "src/game/GameStateMachine.cpp")
  
C:\Users\AliciaMoraVelasco\Downloads\speeddating\Asteroids-main\Asteroids3\TPV2\TPV2\src\systems\FighterSystem.h(99,30): warning C4244: 'argumento': conversión de 'const float' a 'int'; posible pérdida de datos
  (compilando archivo de origen "src/game/GameStateMachine.cpp")
  
C:\Users\AliciaMoraVelasco\Downloads\speeddating\Asteroids-main\Asteroids3\TPV2\TPV2\src\systems\FighterSystem.h(103,30): warning C4244: 'argumento': conversión de 'const float' a 'int'; posible pérdida de datos
  (compilando archivo de origen "src/game/GameStateMachine.cpp")
  
C:\Users\AliciaMoraVelasco\Downloads\speeddating\Asteroids-main\Asteroids3\TPV2\TPV2\src\systems\FighterSystem.h(108,57): warning C4244: 'return': conversión de 'double' a 'float'; posible pérdida de datos
  (compilando archivo de origen "src/game/GameStateMachine.cpp")
  
  JSON.cpp
  JSONValue.cpp
  main.cpp
C:\Users\AliciaMoraVelasco\Downloads\speeddating\Asteroids-main\Asteroids3\TPV2\TPV2\src\game\constants.h(16,25): warning C4838: la conversión de 'float' en 'int' requiere una conversión de restricción
  (compilando archivo de origen "src/main.cpp")
  
C:\Users\AliciaMoraVelasco\Downloads\speeddating\Asteroids-main\Asteroids3\TPV2\TPV2\src\game\constants.h(16,25): warning C4244: 'inicializando': conversión de 'float' a 'int'; posible pérdida de datos
  (compilando archivo de origen "src/main.cpp")
  
C:\Users\AliciaMoraVelasco\Downloads\speeddating\Asteroids-main\Asteroids3\TPV2\TPV2\src\game\constants.h(17,26): warning C4838: la conversión de 'float' en 'int' requiere una conversión de restricción
  (compilando archivo de origen "src/main.cpp")
  
C:\Users\AliciaMoraVelasco\Downloads\speeddating\Asteroids-main\Asteroids3\TPV2\TPV2\src\game\constants.h(17,26): warning C4244: 'inicializando': conversión de 'float' a 'int'; posible pérdida de datos
  (compilando archivo de origen "src/main.cpp")
  
C:\Users\AliciaMoraVelasco\Downloads\speeddating\Asteroids-main\Asteroids3\TPV2\TPV2\src\Components\Transform.h(17,26): warning C4244: '=': conversión de 'float' a 'int'; posible pérdida de datos
  (compilando archivo de origen "src/main.cpp")
  
C:\Users\AliciaMoraVelasco\Downloads\speeddating\Asteroids-main\Asteroids3\TPV2\TPV2\src\Components\Transform.h(18,26): warning C4244: '=': conversión de 'float' a 'int'; posible pérdida de datos
  (compilando archivo de origen "src/main.cpp")
  
C:\Users\AliciaMoraVelasco\Downloads\speeddating\Asteroids-main\Asteroids3\TPV2\TPV2\src\Components\Transform.h(19,12): warning C4244: '=': conversión de 'float' a 'int'; posible pérdida de datos
  (compilando archivo de origen "src/main.cpp")
  
C:\Users\AliciaMoraVelasco\Downloads\speeddating\Asteroids-main\Asteroids3\TPV2\TPV2\src\Components\Transform.h(20,12): warning C4244: '=': conversión de 'float' a 'int'; posible pérdida de datos
  (compilando archivo de origen "src/main.cpp")
  
C:\Users\AliciaMoraVelasco\Downloads\speeddating\Asteroids-main\Asteroids3\TPV2\TPV2\src\Components\Transform.h(42,42): warning C4244: '=': conversión de 'int' a 'float'; posible pérdida de datos
  (compilando archivo de origen "src/main.cpp")
  
C:\Users\AliciaMoraVelasco\Downloads\speeddating\Asteroids-main\Asteroids3\TPV2\TPV2\src\systems\FighterSystem.h(94,29): warning C4244: 'argumento': conversión de 'const float' a 'int'; posible pérdida de datos
  (compilando archivo de origen "src/main.cpp")
  
C:\Users\AliciaMoraVelasco\Downloads\speeddating\Asteroids-main\Asteroids3\TPV2\TPV2\src\systems\FighterSystem.h(99,30): warning C4244: 'argumento': conversión de 'const float' a 'int'; posible pérdida de datos
  (compilando archivo de origen "src/main.cpp")
  
C:\Users\AliciaMoraVelasco\Downloads\speeddating\Asteroids-main\Asteroids3\TPV2\TPV2\src\systems\FighterSystem.h(103,30): warning C4244: 'argumento': conversión de 'const float' a 'int'; posible pérdida de datos
  (compilando archivo de origen "src/main.cpp")
  
C:\Users\AliciaMoraVelasco\Downloads\speeddating\Asteroids-main\Asteroids3\TPV2\TPV2\src\systems\FighterSystem.h(108,57): warning C4244: 'return': conversión de 'double' a 'float'; posible pérdida de datos
  (compilando archivo de origen "src/main.cpp")
  
  SDLUtils.cpp
  SoundEffect.cpp
  Texture.cpp
  EndState.cpp
C:\Users\AliciaMoraVelasco\Downloads\speeddating\Asteroids-main\Asteroids3\TPV2\TPV2\src\game\constants.h(16,25): warning C4838: la conversión de 'float' en 'int' requiere una conversión de restricción
  (compilando archivo de origen "src/states/EndState.cpp")
  
C:\Users\AliciaMoraVelasco\Downloads\speeddating\Asteroids-main\Asteroids3\TPV2\TPV2\src\game\constants.h(16,25): warning C4244: 'inicializando': conversión de 'float' a 'int'; posible pérdida de datos
  (compilando archivo de origen "src/states/EndState.cpp")
  
C:\Users\AliciaMoraVelasco\Downloads\speeddating\Asteroids-main\Asteroids3\TPV2\TPV2\src\game\constants.h(17,26): warning C4838: la conversión de 'float' en 'int' requiere una conversión de restricción
  (compilando archivo de origen "src/states/EndState.cpp")
  
C:\Users\AliciaMoraVelasco\Downloads\speeddating\Asteroids-main\Asteroids3\TPV2\TPV2\src\game\constants.h(17,26): warning C4244: 'inicializando': conversión de 'float' a 'int'; posible pérdida de datos
  (compilando archivo de origen "src/states/EndState.cpp")
  
C:\Users\AliciaMoraVelasco\Downloads\speeddating\Asteroids-main\Asteroids3\TPV2\TPV2\src\Components\Transform.h(17,26): warning C4244: '=': conversión de 'float' a 'int'; posible pérdida de datos
  (compilando archivo de origen "src/states/EndState.cpp")
  
C:\Users\AliciaMoraVelasco\Downloads\speeddating\Asteroids-main\Asteroids3\TPV2\TPV2\src\Components\Transform.h(18,26): warning C4244: '=': conversión de 'float' a 'int'; posible pérdida de datos
  (compilando archivo de origen "src/states/EndState.cpp")
  
C:\Users\AliciaMoraVelasco\Downloads\speeddating\Asteroids-main\Asteroids3\TPV2\TPV2\src\Components\Transform.h(19,12): warning C4244: '=': conversión de 'float' a 'int'; posible pérdida de datos
  (compilando archivo de origen "src/states/EndState.cpp")
  
C:\Users\AliciaMoraVelasco\Downloads\speeddating\Asteroids-main\Asteroids3\TPV2\TPV2\src\Components\Transform.h(20,12): warning C4244: '=': conversión de 'float' a 'int'; posible pérdida de datos
  (compilando archivo de origen "src/states/EndState.cpp")
  
C:\Users\AliciaMoraVelasco\Downloads\speeddating\Asteroids-main\Asteroids3\TPV2\TPV2\src\Components\Transform.h(42,42): warning C4244: '=': conversión de 'int' a 'float'; posible pérdida de datos
  (compilando archivo de origen "src/states/EndState.cpp")
  
C:\Users\AliciaMoraVelasco\Downloads\speeddating\Asteroids-main\Asteroids3\TPV2\TPV2\src\systems\FighterSystem.h(94,29): warning C4244: 'argumento': conversión de 'const float' a 'int'; posible pérdida de datos
  (compilando archivo de origen "src/states/EndState.cpp")
  
C:\Users\AliciaMoraVelasco\Downloads\speeddating\Asteroids-main\Asteroids3\TPV2\TPV2\src\systems\FighterSystem.h(99,30): warning C4244: 'argumento': conversión de 'const float' a 'int'; posible pérdida de datos
  (compilando archivo de origen "src/states/EndState.cpp")
  
C:\Users\AliciaMoraVelasco\Downloads\speeddating\Asteroids-main\Asteroids3\TPV2\TPV2\src\systems\FighterSystem.h(103,30): warning C4244: 'argumento': conversión de 'const float' a 'int'; posible pérdida de datos
  (compilando archivo de origen "src/states/EndState.cpp")
  
C:\Users\AliciaMoraVelasco\Downloads\speeddating\Asteroids-main\Asteroids3\TPV2\TPV2\src\systems\FighterSystem.h(108,57): warning C4244: 'return': conversión de 'double' a 'float'; posible pérdida de datos
  (compilando archivo de origen "src/states/EndState.cpp")
  
C:\Users\AliciaMoraVelasco\Downloads\speeddating\Asteroids-main\Asteroids3\TPV2\TPV2\src\sdlutils\SDLUtils.h(50,32): warning C4101: 'e': variable local sin referencia
  (compilando archivo de origen "src/states/EndState.cpp")
  C:\Users\AliciaMoraVelasco\Downloads\speeddating\Asteroids-main\Asteroids3\TPV2\TPV2\src\sdlutils\SDLUtils.h(50,32):
  el contexto de creación de instancias de la plantilla (el más antiguo primero) es
  	C:\Users\AliciaMoraVelasco\Downloads\speeddating\Asteroids-main\Asteroids3\TPV2\TPV2\src\sdlutils\SDLUtils.h(191,27):
  	Vea la referencia a la creación de una instancia de clase plantilla "SDLUtils::map_access_wrapper<Font>" que se está compilando
  	C:\Users\AliciaMoraVelasco\Downloads\speeddating\Asteroids-main\Asteroids3\TPV2\TPV2\src\sdlutils\SDLUtils.h(47,16):
  	al compilar la función del miembro clase plantilla "Font &SDLUtils::map_access_wrapper<Font>::at(std::string)"
  
C:\Users\AliciaMoraVelasco\Downloads\speeddating\Asteroids-main\Asteroids3\TPV2\TPV2\src\ecs\Manager.h(90,32): warning C4244: 'argumento': conversión de '_Ty' a 'float'; posible pérdida de datos
C:\Users\AliciaMoraVelasco\Downloads\speeddating\Asteroids-main\Asteroids3\TPV2\TPV2\src\ecs\Manager.h(90,32): warning C4244:         with
C:\Users\AliciaMoraVelasco\Downloads\speeddating\Asteroids-main\Asteroids3\TPV2\TPV2\src\ecs\Manager.h(90,32): warning C4244:         [
C:\Users\AliciaMoraVelasco\Downloads\speeddating\Asteroids-main\Asteroids3\TPV2\TPV2\src\ecs\Manager.h(90,32): warning C4244:             _Ty=int
C:\Users\AliciaMoraVelasco\Downloads\speeddating\Asteroids-main\Asteroids3\TPV2\TPV2\src\ecs\Manager.h(90,32): warning C4244:         ]
  (compilando archivo de origen "src/states/EndState.cpp")
  C:\Users\AliciaMoraVelasco\Downloads\speeddating\Asteroids-main\Asteroids3\TPV2\TPV2\src\ecs\Manager.h(90,32):
  el contexto de creación de instancias de la plantilla (el más antiguo primero) es
  	C:\Users\AliciaMoraVelasco\Downloads\speeddating\Asteroids-main\Asteroids3\TPV2\TPV2\src\states\EndState.cpp(8,2):
  	Vea la referencia a la creación de una instancia de la función plantilla "T *Manager::addComponent<Transform,const Vector2D&,const Vector2D&,const int&,const int&,int>(Entity *,const Vector2D &,const Vector2D &,const int &,const int &,int &&)" que se está compilando
          with
          [
              T=Transform
          ]
  
C:\Users\AliciaMoraVelasco\Downloads\speeddating\Asteroids-main\Asteroids3\TPV2\TPV2\src\ecs\Manager.h(90,32): warning C4244: 'argumento': conversión de 'const int' a 'float'; posible pérdida de datos
  (compilando archivo de origen "src/states/EndState.cpp")
  
  MainMenuState.cpp
C:\Users\AliciaMoraVelasco\Downloads\speeddating\Asteroids-main\Asteroids3\TPV2\TPV2\src\game\constants.h(16,25): warning C4838: la conversión de 'float' en 'int' requiere una conversión de restricción
  (compilando archivo de origen "src/states/MainMenuState.cpp")
  
C:\Users\AliciaMoraVelasco\Downloads\speeddating\Asteroids-main\Asteroids3\TPV2\TPV2\src\game\constants.h(16,25): warning C4244: 'inicializando': conversión de 'float' a 'int'; posible pérdida de datos
  (compilando archivo de origen "src/states/MainMenuState.cpp")
  
C:\Users\AliciaMoraVelasco\Downloads\speeddating\Asteroids-main\Asteroids3\TPV2\TPV2\src\game\constants.h(17,26): warning C4838: la conversión de 'float' en 'int' requiere una conversión de restricción
  (compilando archivo de origen "src/states/MainMenuState.cpp")
  
C:\Users\AliciaMoraVelasco\Downloads\speeddating\Asteroids-main\Asteroids3\TPV2\TPV2\src\game\constants.h(17,26): warning C4244: 'inicializando': conversión de 'float' a 'int'; posible pérdida de datos
  (compilando archivo de origen "src/states/MainMenuState.cpp")
  
C:\Users\AliciaMoraVelasco\Downloads\speeddating\Asteroids-main\Asteroids3\TPV2\TPV2\src\Components\Transform.h(17,26): warning C4244: '=': conversión de 'float' a 'int'; posible pérdida de datos
  (compilando archivo de origen "src/states/MainMenuState.cpp")
  
C:\Users\AliciaMoraVelasco\Downloads\speeddating\Asteroids-main\Asteroids3\TPV2\TPV2\src\Components\Transform.h(18,26): warning C4244: '=': conversión de 'float' a 'int'; posible pérdida de datos
  (compilando archivo de origen "src/states/MainMenuState.cpp")
  
C:\Users\AliciaMoraVelasco\Downloads\speeddating\Asteroids-main\Asteroids3\TPV2\TPV2\src\Components\Transform.h(19,12): warning C4244: '=': conversión de 'float' a 'int'; posible pérdida de datos
  (compilando archivo de origen "src/states/MainMenuState.cpp")
  
C:\Users\AliciaMoraVelasco\Downloads\speeddating\Asteroids-main\Asteroids3\TPV2\TPV2\src\Components\Transform.h(20,12): warning C4244: '=': conversión de 'float' a 'int'; posible pérdida de datos
  (compilando archivo de origen "src/states/MainMenuState.cpp")
  
C:\Users\AliciaMoraVelasco\Downloads\speeddating\Asteroids-main\Asteroids3\TPV2\TPV2\src\Components\Transform.h(42,42): warning C4244: '=': conversión de 'int' a 'float'; posible pérdida de datos
  (compilando archivo de origen "src/states/MainMenuState.cpp")
  
C:\Users\AliciaMoraVelasco\Downloads\speeddating\Asteroids-main\Asteroids3\TPV2\TPV2\src\systems\FighterSystem.h(94,29): warning C4244: 'argumento': conversión de 'const float' a 'int'; posible pérdida de datos
  (compilando archivo de origen "src/states/MainMenuState.cpp")
  
C:\Users\AliciaMoraVelasco\Downloads\speeddating\Asteroids-main\Asteroids3\TPV2\TPV2\src\systems\FighterSystem.h(99,30): warning C4244: 'argumento': conversión de 'const float' a 'int'; posible pérdida de datos
  (compilando archivo de origen "src/states/MainMenuState.cpp")
  
C:\Users\AliciaMoraVelasco\Downloads\speeddating\Asteroids-main\Asteroids3\TPV2\TPV2\src\systems\FighterSystem.h(103,30): warning C4244: 'argumento': conversión de 'const float' a 'int'; posible pérdida de datos
  (compilando archivo de origen "src/states/MainMenuState.cpp")
  
C:\Users\AliciaMoraVelasco\Downloads\speeddating\Asteroids-main\Asteroids3\TPV2\TPV2\src\systems\FighterSystem.h(108,57): warning C4244: 'return': conversión de 'double' a 'float'; posible pérdida de datos
  (compilando archivo de origen "src/states/MainMenuState.cpp")
  
C:\Users\AliciaMoraVelasco\Downloads\speeddating\Asteroids-main\Asteroids3\TPV2\TPV2\src\sdlutils\SDLUtils.h(50,32): warning C4101: 'e': variable local sin referencia
  (compilando archivo de origen "src/states/MainMenuState.cpp")
  C:\Users\AliciaMoraVelasco\Downloads\speeddating\Asteroids-main\Asteroids3\TPV2\TPV2\src\sdlutils\SDLUtils.h(50,32):
  el contexto de creación de instancias de la plantilla (el más antiguo primero) es
  	C:\Users\AliciaMoraVelasco\Downloads\speeddating\Asteroids-main\Asteroids3\TPV2\TPV2\src\sdlutils\SDLUtils.h(191,27):
  	Vea la referencia a la creación de una instancia de clase plantilla "SDLUtils::map_access_wrapper<Font>" que se está compilando
  	C:\Users\AliciaMoraVelasco\Downloads\speeddating\Asteroids-main\Asteroids3\TPV2\TPV2\src\sdlutils\SDLUtils.h(47,16):
  	al compilar la función del miembro clase plantilla "Font &SDLUtils::map_access_wrapper<Font>::at(std::string)"
  
C:\Users\AliciaMoraVelasco\Downloads\speeddating\Asteroids-main\Asteroids3\TPV2\TPV2\src\ecs\Manager.h(90,32): warning C4244: 'argumento': conversión de '_Ty' a 'float'; posible pérdida de datos
C:\Users\AliciaMoraVelasco\Downloads\speeddating\Asteroids-main\Asteroids3\TPV2\TPV2\src\ecs\Manager.h(90,32): warning C4244:         with
C:\Users\AliciaMoraVelasco\Downloads\speeddating\Asteroids-main\Asteroids3\TPV2\TPV2\src\ecs\Manager.h(90,32): warning C4244:         [
C:\Users\AliciaMoraVelasco\Downloads\speeddating\Asteroids-main\Asteroids3\TPV2\TPV2\src\ecs\Manager.h(90,32): warning C4244:             _Ty=int
C:\Users\AliciaMoraVelasco\Downloads\speeddating\Asteroids-main\Asteroids3\TPV2\TPV2\src\ecs\Manager.h(90,32): warning C4244:         ]
  (compilando archivo de origen "src/states/MainMenuState.cpp")
  C:\Users\AliciaMoraVelasco\Downloads\speeddating\Asteroids-main\Asteroids3\TPV2\TPV2\src\ecs\Manager.h(90,32):
  el contexto de creación de instancias de la plantilla (el más antiguo primero) es
  	C:\Users\AliciaMoraVelasco\Downloads\speeddating\Asteroids-main\Asteroids3\TPV2\TPV2\src\states\MainMenuState.cpp(17,2):
  	Vea la referencia a la creación de una instancia de la función plantilla "T *Manager::addComponent<Transform,const Vector2D&,const Vector2D&,const int&,const int&,int>(Entity *,const Vector2D &,const Vector2D &,const int &,const int &,int &&)" que se está compilando
          with
          [
              T=Transform
          ]
  
C:\Users\AliciaMoraVelasco\Downloads\speeddating\Asteroids-main\Asteroids3\TPV2\TPV2\src\ecs\Manager.h(90,32): warning C4244: 'argumento': conversión de 'const int' a 'float'; posible pérdida de datos
  (compilando archivo de origen "src/states/MainMenuState.cpp")
  
  PauseState.cpp
C:\Users\AliciaMoraVelasco\Downloads\speeddating\Asteroids-main\Asteroids3\TPV2\TPV2\src\game\constants.h(16,25): warning C4838: la conversión de 'float' en 'int' requiere una conversión de restricción
  (compilando archivo de origen "src/states/PauseState.cpp")
  
C:\Users\AliciaMoraVelasco\Downloads\speeddating\Asteroids-main\Asteroids3\TPV2\TPV2\src\game\constants.h(16,25): warning C4244: 'inicializando': conversión de 'float' a 'int'; posible pérdida de datos
  (compilando archivo de origen "src/states/PauseState.cpp")
  
C:\Users\AliciaMoraVelasco\Downloads\speeddating\Asteroids-main\Asteroids3\TPV2\TPV2\src\game\constants.h(17,26): warning C4838: la conversión de 'float' en 'int' requiere una conversión de restricción
  (compilando archivo de origen "src/states/PauseState.cpp")
  
C:\Users\AliciaMoraVelasco\Downloads\speeddating\Asteroids-main\Asteroids3\TPV2\TPV2\src\game\constants.h(17,26): warning C4244: 'inicializando': conversión de 'float' a 'int'; posible pérdida de datos
  (compilando archivo de origen "src/states/PauseState.cpp")
  
C:\Users\AliciaMoraVelasco\Downloads\speeddating\Asteroids-main\Asteroids3\TPV2\TPV2\src\Components\Transform.h(17,26): warning C4244: '=': conversión de 'float' a 'int'; posible pérdida de datos
  (compilando archivo de origen "src/states/PauseState.cpp")
  
C:\Users\AliciaMoraVelasco\Downloads\speeddating\Asteroids-main\Asteroids3\TPV2\TPV2\src\Components\Transform.h(18,26): warning C4244: '=': conversión de 'float' a 'int'; posible pérdida de datos
  (compilando archivo de origen "src/states/PauseState.cpp")
  
C:\Users\AliciaMoraVelasco\Downloads\speeddating\Asteroids-main\Asteroids3\TPV2\TPV2\src\Components\Transform.h(19,12): warning C4244: '=': conversión de 'float' a 'int'; posible pérdida de datos
  (compilando archivo de origen "src/states/PauseState.cpp")
  
C:\Users\AliciaMoraVelasco\Downloads\speeddating\Asteroids-main\Asteroids3\TPV2\TPV2\src\Components\Transform.h(20,12): warning C4244: '=': conversión de 'float' a 'int'; posible pérdida de datos
  (compilando archivo de origen "src/states/PauseState.cpp")
  
C:\Users\AliciaMoraVelasco\Downloads\speeddating\Asteroids-main\Asteroids3\TPV2\TPV2\src\Components\Transform.h(42,42): warning C4244: '=': conversión de 'int' a 'float'; posible pérdida de datos
  (compilando archivo de origen "src/states/PauseState.cpp")
  
C:\Users\AliciaMoraVelasco\Downloads\speeddating\Asteroids-main\Asteroids3\TPV2\TPV2\src\systems\FighterSystem.h(94,29): warning C4244: 'argumento': conversión de 'const float' a 'int'; posible pérdida de datos
  (compilando archivo de origen "src/states/PauseState.cpp")
  
C:\Users\AliciaMoraVelasco\Downloads\speeddating\Asteroids-main\Asteroids3\TPV2\TPV2\src\systems\FighterSystem.h(99,30): warning C4244: 'argumento': conversión de 'const float' a 'int'; posible pérdida de datos
  (compilando archivo de origen "src/states/PauseState.cpp")
  
C:\Users\AliciaMoraVelasco\Downloads\speeddating\Asteroids-main\Asteroids3\TPV2\TPV2\src\systems\FighterSystem.h(103,30): warning C4244: 'argumento': conversión de 'const float' a 'int'; posible pérdida de datos
  (compilando archivo de origen "src/states/PauseState.cpp")
  
C:\Users\AliciaMoraVelasco\Downloads\speeddating\Asteroids-main\Asteroids3\TPV2\TPV2\src\systems\FighterSystem.h(108,57): warning C4244: 'return': conversión de 'double' a 'float'; posible pérdida de datos
  (compilando archivo de origen "src/states/PauseState.cpp")
  
C:\Users\AliciaMoraVelasco\Downloads\speeddating\Asteroids-main\Asteroids3\TPV2\TPV2\src\sdlutils\SDLUtils.h(50,32): warning C4101: 'e': variable local sin referencia
  (compilando archivo de origen "src/states/PauseState.cpp")
  C:\Users\AliciaMoraVelasco\Downloads\speeddating\Asteroids-main\Asteroids3\TPV2\TPV2\src\sdlutils\SDLUtils.h(50,32):
  el contexto de creación de instancias de la plantilla (el más antiguo primero) es
  	C:\Users\AliciaMoraVelasco\Downloads\speeddating\Asteroids-main\Asteroids3\TPV2\TPV2\src\sdlutils\SDLUtils.h(191,27):
  	Vea la referencia a la creación de una instancia de clase plantilla "SDLUtils::map_access_wrapper<Font>" que se está compilando
  	C:\Users\AliciaMoraVelasco\Downloads\speeddating\Asteroids-main\Asteroids3\TPV2\TPV2\src\sdlutils\SDLUtils.h(47,16):
  	al compilar la función del miembro clase plantilla "Font &SDLUtils::map_access_wrapper<Font>::at(std::string)"
  
C:\Users\AliciaMoraVelasco\Downloads\speeddating\Asteroids-main\Asteroids3\TPV2\TPV2\src\ecs\Manager.h(90,32): warning C4244: 'argumento': conversión de '_Ty' a 'float'; posible pérdida de datos
C:\Users\AliciaMoraVelasco\Downloads\speeddating\Asteroids-main\Asteroids3\TPV2\TPV2\src\ecs\Manager.h(90,32): warning C4244:         with
C:\Users\AliciaMoraVelasco\Downloads\speeddating\Asteroids-main\Asteroids3\TPV2\TPV2\src\ecs\Manager.h(90,32): warning C4244:         [
C:\Users\AliciaMoraVelasco\Downloads\speeddating\Asteroids-main\Asteroids3\TPV2\TPV2\src\ecs\Manager.h(90,32): warning C4244:             _Ty=int
C:\Users\AliciaMoraVelasco\Downloads\speeddating\Asteroids-main\Asteroids3\TPV2\TPV2\src\ecs\Manager.h(90,32): warning C4244:         ]
  (compilando archivo de origen "src/states/PauseState.cpp")
  C:\Users\AliciaMoraVelasco\Downloads\speeddating\Asteroids-main\Asteroids3\TPV2\TPV2\src\ecs\Manager.h(90,32):
  el contexto de creación de instancias de la plantilla (el más antiguo primero) es
  	C:\Users\AliciaMoraVelasco\Downloads\speeddating\Asteroids-main\Asteroids3\TPV2\TPV2\src\states\PauseState.cpp(12,2):
  	Vea la referencia a la creación de una instancia de la función plantilla "T *Manager::addComponent<Transform,const Vector2D&,const Vector2D&,const int&,const int&,int>(Entity *,const Vector2D &,const Vector2D &,const int &,const int &,int &&)" que se está compilando
          with
          [
              T=Transform
          ]
  
C:\Users\AliciaMoraVelasco\Downloads\speeddating\Asteroids-main\Asteroids3\TPV2\TPV2\src\ecs\Manager.h(90,32): warning C4244: 'argumento': conversión de 'const int' a 'float'; posible pérdida de datos
  (compilando archivo de origen "src/states/PauseState.cpp")
  
  PlayState.cpp
C:\Users\AliciaMoraVelasco\Downloads\speeddating\Asteroids-main\Asteroids3\TPV2\TPV2\src\game\constants.h(16,25): warning C4838: la conversión de 'float' en 'int' requiere una conversión de restricción
  (compilando archivo de origen "src/states/PlayState.cpp")
  
C:\Users\AliciaMoraVelasco\Downloads\speeddating\Asteroids-main\Asteroids3\TPV2\TPV2\src\game\constants.h(16,25): warning C4244: 'inicializando': conversión de 'float' a 'int'; posible pérdida de datos
  (compilando archivo de origen "src/states/PlayState.cpp")
  
C:\Users\AliciaMoraVelasco\Downloads\speeddating\Asteroids-main\Asteroids3\TPV2\TPV2\src\game\constants.h(17,26): warning C4838: la conversión de 'float' en 'int' requiere una conversión de restricción
  (compilando archivo de origen "src/states/PlayState.cpp")
  
C:\Users\AliciaMoraVelasco\Downloads\speeddating\Asteroids-main\Asteroids3\TPV2\TPV2\src\game\constants.h(17,26): warning C4244: 'inicializando': conversión de 'float' a 'int'; posible pérdida de datos
  (compilando archivo de origen "src/states/PlayState.cpp")
  
C:\Users\AliciaMoraVelasco\Downloads\speeddating\Asteroids-main\Asteroids3\TPV2\TPV2\src\components\Transform.h(17,26): warning C4244: '=': conversión de 'float' a 'int'; posible pérdida de datos
  (compilando archivo de origen "src/states/PlayState.cpp")
  
C:\Users\AliciaMoraVelasco\Downloads\speeddating\Asteroids-main\Asteroids3\TPV2\TPV2\src\components\Transform.h(18,26): warning C4244: '=': conversión de 'float' a 'int'; posible pérdida de datos
  (compilando archivo de origen "src/states/PlayState.cpp")
  
C:\Users\AliciaMoraVelasco\Downloads\speeddating\Asteroids-main\Asteroids3\TPV2\TPV2\src\components\Transform.h(19,12): warning C4244: '=': conversión de 'float' a 'int'; posible pérdida de datos
  (compilando archivo de origen "src/states/PlayState.cpp")
  
C:\Users\AliciaMoraVelasco\Downloads\speeddating\Asteroids-main\Asteroids3\TPV2\TPV2\src\components\Transform.h(20,12): warning C4244: '=': conversión de 'float' a 'int'; posible pérdida de datos
  (compilando archivo de origen "src/states/PlayState.cpp")
  
C:\Users\AliciaMoraVelasco\Downloads\speeddating\Asteroids-main\Asteroids3\TPV2\TPV2\src\components\Transform.h(42,42): warning C4244: '=': conversión de 'int' a 'float'; posible pérdida de datos
  (compilando archivo de origen "src/states/PlayState.cpp")
  
C:\Users\AliciaMoraVelasco\Downloads\speeddating\Asteroids-main\Asteroids3\TPV2\TPV2\src\systems\FighterSystem.h(94,29): warning C4244: 'argumento': conversión de 'const float' a 'int'; posible pérdida de datos
  (compilando archivo de origen "src/states/PlayState.cpp")
  
C:\Users\AliciaMoraVelasco\Downloads\speeddating\Asteroids-main\Asteroids3\TPV2\TPV2\src\systems\FighterSystem.h(99,30): warning C4244: 'argumento': conversión de 'const float' a 'int'; posible pérdida de datos
  (compilando archivo de origen "src/states/PlayState.cpp")
  
C:\Users\AliciaMoraVelasco\Downloads\speeddating\Asteroids-main\Asteroids3\TPV2\TPV2\src\systems\FighterSystem.h(103,30): warning C4244: 'argumento': conversión de 'const float' a 'int'; posible pérdida de datos
  (compilando archivo de origen "src/states/PlayState.cpp")
  
C:\Users\AliciaMoraVelasco\Downloads\speeddating\Asteroids-main\Asteroids3\TPV2\TPV2\src\systems\FighterSystem.h(108,57): warning C4244: 'return': conversión de 'double' a 'float'; posible pérdida de datos
  (compilando archivo de origen "src/states/PlayState.cpp")
  
  PlayStateMultiplayer.cpp
C:\Users\AliciaMoraVelasco\Downloads\speeddating\Asteroids-main\Asteroids3\TPV2\TPV2\src\game\constants.h(16,25): warning C4838: la conversión de 'float' en 'int' requiere una conversión de restricción
  (compilando archivo de origen "src/states/PlayStateMultiplayer.cpp")
  
C:\Users\AliciaMoraVelasco\Downloads\speeddating\Asteroids-main\Asteroids3\TPV2\TPV2\src\game\constants.h(16,25): warning C4244: 'inicializando': conversión de 'float' a 'int'; posible pérdida de datos
  (compilando archivo de origen "src/states/PlayStateMultiplayer.cpp")
  
C:\Users\AliciaMoraVelasco\Downloads\speeddating\Asteroids-main\Asteroids3\TPV2\TPV2\src\game\constants.h(17,26): warning C4838: la conversión de 'float' en 'int' requiere una conversión de restricción
  (compilando archivo de origen "src/states/PlayStateMultiplayer.cpp")
  
C:\Users\AliciaMoraVelasco\Downloads\speeddating\Asteroids-main\Asteroids3\TPV2\TPV2\src\game\constants.h(17,26): warning C4244: 'inicializando': conversión de 'float' a 'int'; posible pérdida de datos
  (compilando archivo de origen "src/states/PlayStateMultiplayer.cpp")
  
C:\Users\AliciaMoraVelasco\Downloads\speeddating\Asteroids-main\Asteroids3\TPV2\TPV2\src\components\Transform.h(17,26): warning C4244: '=': conversión de 'float' a 'int'; posible pérdida de datos
  (compilando archivo de origen "src/states/PlayStateMultiplayer.cpp")
  
C:\Users\AliciaMoraVelasco\Downloads\speeddating\Asteroids-main\Asteroids3\TPV2\TPV2\src\components\Transform.h(18,26): warning C4244: '=': conversión de 'float' a 'int'; posible pérdida de datos
  (compilando archivo de origen "src/states/PlayStateMultiplayer.cpp")
  
C:\Users\AliciaMoraVelasco\Downloads\speeddating\Asteroids-main\Asteroids3\TPV2\TPV2\src\components\Transform.h(19,12): warning C4244: '=': conversión de 'float' a 'int'; posible pérdida de datos
  (compilando archivo de origen "src/states/PlayStateMultiplayer.cpp")
  
C:\Users\AliciaMoraVelasco\Downloads\speeddating\Asteroids-main\Asteroids3\TPV2\TPV2\src\components\Transform.h(20,12): warning C4244: '=': conversión de 'float' a 'int'; posible pérdida de datos
  (compilando archivo de origen "src/states/PlayStateMultiplayer.cpp")
  
C:\Users\AliciaMoraVelasco\Downloads\speeddating\Asteroids-main\Asteroids3\TPV2\TPV2\src\components\Transform.h(42,42): warning C4244: '=': conversión de 'int' a 'float'; posible pérdida de datos
  (compilando archivo de origen "src/states/PlayStateMultiplayer.cpp")
  
C:\Users\AliciaMoraVelasco\Downloads\speeddating\Asteroids-main\Asteroids3\TPV2\TPV2\src\systems\FighterSystem.h(94,29): warning C4244: 'argumento': conversión de 'const float' a 'int'; posible pérdida de datos
  (compilando archivo de origen "src/states/PlayStateMultiplayer.cpp")
  
C:\Users\AliciaMoraVelasco\Downloads\speeddating\Asteroids-main\Asteroids3\TPV2\TPV2\src\systems\FighterSystem.h(99,30): warning C4244: 'argumento': conversión de 'const float' a 'int'; posible pérdida de datos
  (compilando archivo de origen "src/states/PlayStateMultiplayer.cpp")
  
C:\Users\AliciaMoraVelasco\Downloads\speeddating\Asteroids-main\Asteroids3\TPV2\TPV2\src\systems\FighterSystem.h(103,30): warning C4244: 'argumento': conversión de 'const float' a 'int'; posible pérdida de datos
  (compilando archivo de origen "src/states/PlayStateMultiplayer.cpp")
  
C:\Users\AliciaMoraVelasco\Downloads\speeddating\Asteroids-main\Asteroids3\TPV2\TPV2\src\systems\FighterSystem.h(108,57): warning C4244: 'return': conversión de 'double' a 'float'; posible pérdida de datos
  (compilando archivo de origen "src/states/PlayStateMultiplayer.cpp")
  
C:\Users\AliciaMoraVelasco\Downloads\speeddating\Asteroids-main\Asteroids3\TPV2\TPV2\src\sdlutils\SDLUtils.h(50,32): warning C4101: 'e': variable local sin referencia
  (compilando archivo de origen "src/states/PlayStateMultiplayer.cpp")
  C:\Users\AliciaMoraVelasco\Downloads\speeddating\Asteroids-main\Asteroids3\TPV2\TPV2\src\sdlutils\SDLUtils.h(50,32):
  el contexto de creación de instancias de la plantilla (el más antiguo primero) es
  	C:\Users\AliciaMoraVelasco\Downloads\speeddating\Asteroids-main\Asteroids3\TPV2\TPV2\src\sdlutils\SDLUtils.h(191,27):
  	Vea la referencia a la creación de una instancia de clase plantilla "SDLUtils::map_access_wrapper<Font>" que se está compilando
  	C:\Users\AliciaMoraVelasco\Downloads\speeddating\Asteroids-main\Asteroids3\TPV2\TPV2\src\sdlutils\SDLUtils.h(47,16):
  	al compilar la función del miembro clase plantilla "Font &SDLUtils::map_access_wrapper<Font>::at(std::string)"
  
C:\Users\AliciaMoraVelasco\Downloads\speeddating\Asteroids-main\Asteroids3\TPV2\TPV2\src\ecs\Manager.h(90,32): warning C4244: 'argumento': conversión de '_Ty' a 'float'; posible pérdida de datos
C:\Users\AliciaMoraVelasco\Downloads\speeddating\Asteroids-main\Asteroids3\TPV2\TPV2\src\ecs\Manager.h(90,32): warning C4244:         with
C:\Users\AliciaMoraVelasco\Downloads\speeddating\Asteroids-main\Asteroids3\TPV2\TPV2\src\ecs\Manager.h(90,32): warning C4244:         [
C:\Users\AliciaMoraVelasco\Downloads\speeddating\Asteroids-main\Asteroids3\TPV2\TPV2\src\ecs\Manager.h(90,32): warning C4244:             _Ty=int
C:\Users\AliciaMoraVelasco\Downloads\speeddating\Asteroids-main\Asteroids3\TPV2\TPV2\src\ecs\Manager.h(90,32): warning C4244:         ]
  (compilando archivo de origen "src/states/PlayStateMultiplayer.cpp")
  C:\Users\AliciaMoraVelasco\Downloads\speeddating\Asteroids-main\Asteroids3\TPV2\TPV2\src\ecs\Manager.h(90,32):
  el contexto de creación de instancias de la plantilla (el más antiguo primero) es
  	C:\Users\AliciaMoraVelasco\Downloads\speeddating\Asteroids-main\Asteroids3\TPV2\TPV2\src\states\PlayStateMultiplayer.cpp(27,6):
  	Vea la referencia a la creación de una instancia de la función plantilla "T *Manager::addComponent<Transform,const Vector2D&,const Vector2D&,const int&,const int&,int>(Entity *,const Vector2D &,const Vector2D &,const int &,const int &,int &&)" que se está compilando
          with
          [
              T=Transform
          ]
  
C:\Users\AliciaMoraVelasco\Downloads\speeddating\Asteroids-main\Asteroids3\TPV2\TPV2\src\ecs\Manager.h(90,32): warning C4244: 'argumento': conversión de 'const int' a 'float'; posible pérdida de datos
  (compilando archivo de origen "src/states/PlayStateMultiplayer.cpp")
  
  AsteroidsSystem.cpp
C:\Users\AliciaMoraVelasco\Downloads\speeddating\Asteroids-main\Asteroids3\TPV2\TPV2\src\game\constants.h(16,25): warning C4838: la conversión de 'float' en 'int' requiere una conversión de restricción
  (compilando archivo de origen "src/systems/AsteroidsSystem.cpp")
  
C:\Users\AliciaMoraVelasco\Downloads\speeddating\Asteroids-main\Asteroids3\TPV2\TPV2\src\game\constants.h(16,25): warning C4244: 'inicializando': conversión de 'float' a 'int'; posible pérdida de datos
  (compilando archivo de origen "src/systems/AsteroidsSystem.cpp")
  
C:\Users\AliciaMoraVelasco\Downloads\speeddating\Asteroids-main\Asteroids3\TPV2\TPV2\src\game\constants.h(17,26): warning C4838: la conversión de 'float' en 'int' requiere una conversión de restricción
  (compilando archivo de origen "src/systems/AsteroidsSystem.cpp")
  
C:\Users\AliciaMoraVelasco\Downloads\speeddating\Asteroids-main\Asteroids3\TPV2\TPV2\src\game\constants.h(17,26): warning C4244: 'inicializando': conversión de 'float' a 'int'; posible pérdida de datos
  (compilando archivo de origen "src/systems/AsteroidsSystem.cpp")
  
C:\Users\AliciaMoraVelasco\Downloads\speeddating\Asteroids-main\Asteroids3\TPV2\TPV2\src\components\Transform.h(17,26): warning C4244: '=': conversión de 'float' a 'int'; posible pérdida de datos
  (compilando archivo de origen "src/systems/AsteroidsSystem.cpp")
  
C:\Users\AliciaMoraVelasco\Downloads\speeddating\Asteroids-main\Asteroids3\TPV2\TPV2\src\components\Transform.h(18,26): warning C4244: '=': conversión de 'float' a 'int'; posible pérdida de datos
  (compilando archivo de origen "src/systems/AsteroidsSystem.cpp")
  
C:\Users\AliciaMoraVelasco\Downloads\speeddating\Asteroids-main\Asteroids3\TPV2\TPV2\src\components\Transform.h(19,12): warning C4244: '=': conversión de 'float' a 'int'; posible pérdida de datos
  (compilando archivo de origen "src/systems/AsteroidsSystem.cpp")
  
C:\Users\AliciaMoraVelasco\Downloads\speeddating\Asteroids-main\Asteroids3\TPV2\TPV2\src\components\Transform.h(20,12): warning C4244: '=': conversión de 'float' a 'int'; posible pérdida de datos
  (compilando archivo de origen "src/systems/AsteroidsSystem.cpp")
  
C:\Users\AliciaMoraVelasco\Downloads\speeddating\Asteroids-main\Asteroids3\TPV2\TPV2\src\components\Transform.h(42,42): warning C4244: '=': conversión de 'int' a 'float'; posible pérdida de datos
  (compilando archivo de origen "src/systems/AsteroidsSystem.cpp")
  
C:\Users\AliciaMoraVelasco\Downloads\speeddating\Asteroids-main\Asteroids3\TPV2\TPV2\src\systems\FighterSystem.h(94,29): warning C4244: 'argumento': conversión de 'const float' a 'int'; posible pérdida de datos
  (compilando archivo de origen "src/systems/AsteroidsSystem.cpp")
  
C:\Users\AliciaMoraVelasco\Downloads\speeddating\Asteroids-main\Asteroids3\TPV2\TPV2\src\systems\FighterSystem.h(99,30): warning C4244: 'argumento': conversión de 'const float' a 'int'; posible pérdida de datos
  (compilando archivo de origen "src/systems/AsteroidsSystem.cpp")
  
C:\Users\AliciaMoraVelasco\Downloads\speeddating\Asteroids-main\Asteroids3\TPV2\TPV2\src\systems\FighterSystem.h(103,30): warning C4244: 'argumento': conversión de 'const float' a 'int'; posible pérdida de datos
  (compilando archivo de origen "src/systems/AsteroidsSystem.cpp")
  
C:\Users\AliciaMoraVelasco\Downloads\speeddating\Asteroids-main\Asteroids3\TPV2\TPV2\src\systems\FighterSystem.h(108,57): warning C4244: 'return': conversión de 'double' a 'float'; posible pérdida de datos
  (compilando archivo de origen "src/systems/AsteroidsSystem.cpp")
  
C:\Users\AliciaMoraVelasco\Downloads\speeddating\Asteroids-main\Asteroids3\TPV2\TPV2\src\sdlutils\SDLUtils.h(50,32): warning C4101: 'e': variable local sin referencia
  (compilando archivo de origen "src/systems/AsteroidsSystem.cpp")
  C:\Users\AliciaMoraVelasco\Downloads\speeddating\Asteroids-main\Asteroids3\TPV2\TPV2\src\sdlutils\SDLUtils.h(50,32):
  el contexto de creación de instancias de la plantilla (el más antiguo primero) es
  	C:\Users\AliciaMoraVelasco\Downloads\speeddating\Asteroids-main\Asteroids3\TPV2\TPV2\src\sdlutils\SDLUtils.h(194,34):
  	Vea la referencia a la creación de una instancia de clase plantilla "SDLUtils::map_access_wrapper<SoundEffect>" que se está compilando
  	C:\Users\AliciaMoraVelasco\Downloads\speeddating\Asteroids-main\Asteroids3\TPV2\TPV2\src\sdlutils\SDLUtils.h(47,16):
  	al compilar la función del miembro clase plantilla "SoundEffect &SDLUtils::map_access_wrapper<SoundEffect>::at(std::string)"
  
C:\Users\AliciaMoraVelasco\Downloads\speeddating\Asteroids-main\Asteroids3\TPV2\TPV2\src\systems\AsteroidsSystem.cpp(96,55): warning C4244: 'argumento': conversión de 'int' a 'float'; posible pérdida de datos
C:\Users\AliciaMoraVelasco\Downloads\speeddating\Asteroids-main\Asteroids3\TPV2\TPV2\src\systems\AsteroidsSystem.cpp(180,73): warning C4244: 'argumento': conversión de 'const float' a 'int'; posible pérdida de datos
C:\Users\AliciaMoraVelasco\Downloads\speeddating\Asteroids-main\Asteroids3\TPV2\TPV2\src\systems\AsteroidsSystem.cpp(181,53): warning C4244: 'argumento': conversión de 'const float' a 'int'; posible pérdida de datos
C:\Users\AliciaMoraVelasco\Downloads\speeddating\Asteroids-main\Asteroids3\TPV2\TPV2\src\systems\AsteroidsSystem.cpp(182,53): warning C4244: 'argumento': conversión de 'const float' a 'int'; posible pérdida de datos
C:\Users\AliciaMoraVelasco\Downloads\speeddating\Asteroids-main\Asteroids3\TPV2\TPV2\src\systems\AsteroidsSystem.cpp(183,63): warning C4244: 'argumento': conversión de 'const float' a 'int'; posible pérdida de datos
C:\Users\AliciaMoraVelasco\Downloads\speeddating\Asteroids-main\Asteroids3\TPV2\TPV2\src\ecs\Manager.h(90,32): warning C4244: 'argumento': conversión de '_Ty' a 'float'; posible pérdida de datos
C:\Users\AliciaMoraVelasco\Downloads\speeddating\Asteroids-main\Asteroids3\TPV2\TPV2\src\ecs\Manager.h(90,32): warning C4244:         with
C:\Users\AliciaMoraVelasco\Downloads\speeddating\Asteroids-main\Asteroids3\TPV2\TPV2\src\ecs\Manager.h(90,32): warning C4244:         [
C:\Users\AliciaMoraVelasco\Downloads\speeddating\Asteroids-main\Asteroids3\TPV2\TPV2\src\ecs\Manager.h(90,32): warning C4244:             _Ty=int
C:\Users\AliciaMoraVelasco\Downloads\speeddating\Asteroids-main\Asteroids3\TPV2\TPV2\src\ecs\Manager.h(90,32): warning C4244:         ]
  (compilando archivo de origen "src/systems/AsteroidsSystem.cpp")
  C:\Users\AliciaMoraVelasco\Downloads\speeddating\Asteroids-main\Asteroids3\TPV2\TPV2\src\ecs\Manager.h(90,32):
  el contexto de creación de instancias de la plantilla (el más antiguo primero) es
  	C:\Users\AliciaMoraVelasco\Downloads\speeddating\Asteroids-main\Asteroids3\TPV2\TPV2\src\systems\AsteroidsSystem.cpp(156,7):
  	Vea la referencia a la creación de una instancia de la función plantilla "T *Manager::addComponent<Transform,Vector2D&,Vector2D&,float&,float&,int>(Entity *,Vector2D &,Vector2D &,float &,float &,int &&)" que se está compilando
          with
          [
              T=Transform
          ]
  
  BulletSystem.cpp
C:\Users\AliciaMoraVelasco\Downloads\speeddating\Asteroids-main\Asteroids3\TPV2\TPV2\src\game\constants.h(16,25): warning C4838: la conversión de 'float' en 'int' requiere una conversión de restricción
  (compilando archivo de origen "src/systems/BulletSystem.cpp")
  
C:\Users\AliciaMoraVelasco\Downloads\speeddating\Asteroids-main\Asteroids3\TPV2\TPV2\src\game\constants.h(16,25): warning C4244: 'inicializando': conversión de 'float' a 'int'; posible pérdida de datos
  (compilando archivo de origen "src/systems/BulletSystem.cpp")
  
C:\Users\AliciaMoraVelasco\Downloads\speeddating\Asteroids-main\Asteroids3\TPV2\TPV2\src\game\constants.h(17,26): warning C4838: la conversión de 'float' en 'int' requiere una conversión de restricción
  (compilando archivo de origen "src/systems/BulletSystem.cpp")
  
C:\Users\AliciaMoraVelasco\Downloads\speeddating\Asteroids-main\Asteroids3\TPV2\TPV2\src\game\constants.h(17,26): warning C4244: 'inicializando': conversión de 'float' a 'int'; posible pérdida de datos
  (compilando archivo de origen "src/systems/BulletSystem.cpp")
  
C:\Users\AliciaMoraVelasco\Downloads\speeddating\Asteroids-main\Asteroids3\TPV2\TPV2\src\components\Transform.h(17,26): warning C4244: '=': conversión de 'float' a 'int'; posible pérdida de datos
  (compilando archivo de origen "src/systems/BulletSystem.cpp")
  
C:\Users\AliciaMoraVelasco\Downloads\speeddating\Asteroids-main\Asteroids3\TPV2\TPV2\src\components\Transform.h(18,26): warning C4244: '=': conversión de 'float' a 'int'; posible pérdida de datos
  (compilando archivo de origen "src/systems/BulletSystem.cpp")
  
C:\Users\AliciaMoraVelasco\Downloads\speeddating\Asteroids-main\Asteroids3\TPV2\TPV2\src\components\Transform.h(19,12): warning C4244: '=': conversión de 'float' a 'int'; posible pérdida de datos
  (compilando archivo de origen "src/systems/BulletSystem.cpp")
  
C:\Users\AliciaMoraVelasco\Downloads\speeddating\Asteroids-main\Asteroids3\TPV2\TPV2\src\components\Transform.h(20,12): warning C4244: '=': conversión de 'float' a 'int'; posible pérdida de datos
  (compilando archivo de origen "src/systems/BulletSystem.cpp")
  
C:\Users\AliciaMoraVelasco\Downloads\speeddating\Asteroids-main\Asteroids3\TPV2\TPV2\src\components\Transform.h(42,42): warning C4244: '=': conversión de 'int' a 'float'; posible pérdida de datos
  (compilando archivo de origen "src/systems/BulletSystem.cpp")
  
C:\Users\AliciaMoraVelasco\Downloads\speeddating\Asteroids-main\Asteroids3\TPV2\TPV2\src\systems\FighterSystem.h(94,29): warning C4244: 'argumento': conversión de 'const float' a 'int'; posible pérdida de datos
  (compilando archivo de origen "src/systems/BulletSystem.cpp")
  
C:\Users\AliciaMoraVelasco\Downloads\speeddating\Asteroids-main\Asteroids3\TPV2\TPV2\src\systems\FighterSystem.h(99,30): warning C4244: 'argumento': conversión de 'const float' a 'int'; posible pérdida de datos
  (compilando archivo de origen "src/systems/BulletSystem.cpp")
  
C:\Users\AliciaMoraVelasco\Downloads\speeddating\Asteroids-main\Asteroids3\TPV2\TPV2\src\systems\FighterSystem.h(103,30): warning C4244: 'argumento': conversión de 'const float' a 'int'; posible pérdida de datos
  (compilando archivo de origen "src/systems/BulletSystem.cpp")
  
C:\Users\AliciaMoraVelasco\Downloads\speeddating\Asteroids-main\Asteroids3\TPV2\TPV2\src\systems\FighterSystem.h(108,57): warning C4244: 'return': conversión de 'double' a 'float'; posible pérdida de datos
  (compilando archivo de origen "src/systems/BulletSystem.cpp")
  
C:\Users\AliciaMoraVelasco\Downloads\speeddating\Asteroids-main\Asteroids3\TPV2\TPV2\src\systems\BulletSystem.cpp(41,32): warning C4244: 'argumento': conversión de 'double' a 'float'; posible pérdida de datos
C:\Users\AliciaMoraVelasco\Downloads\speeddating\Asteroids-main\Asteroids3\TPV2\TPV2\src\systems\BulletSystem.cpp(41,20): warning C4244: 'argumento': conversión de 'double' a 'float'; posible pérdida de datos
C:\Users\AliciaMoraVelasco\Downloads\speeddating\Asteroids-main\Asteroids3\TPV2\TPV2\src\systems\BulletSystem.cpp(42,41): warning C4244: 'argumento': conversión de 'double' a 'float'; posible pérdida de datos
C:\Users\AliciaMoraVelasco\Downloads\speeddating\Asteroids-main\Asteroids3\TPV2\TPV2\src\sdlutils\SDLUtils.h(50,32): warning C4101: 'e': variable local sin referencia
  (compilando archivo de origen "src/systems/BulletSystem.cpp")
  C:\Users\AliciaMoraVelasco\Downloads\speeddating\Asteroids-main\Asteroids3\TPV2\TPV2\src\sdlutils\SDLUtils.h(50,32):
  el contexto de creación de instancias de la plantilla (el más antiguo primero) es
  	C:\Users\AliciaMoraVelasco\Downloads\speeddating\Asteroids-main\Asteroids3\TPV2\TPV2\src\sdlutils\SDLUtils.h(194,34):
  	Vea la referencia a la creación de una instancia de clase plantilla "SDLUtils::map_access_wrapper<SoundEffect>" que se está compilando
  	C:\Users\AliciaMoraVelasco\Downloads\speeddating\Asteroids-main\Asteroids3\TPV2\TPV2\src\sdlutils\SDLUtils.h(47,16):
  	al compilar la función del miembro clase plantilla "SoundEffect &SDLUtils::map_access_wrapper<SoundEffect>::at(std::string)"
  
C:\Users\AliciaMoraVelasco\Downloads\speeddating\Asteroids-main\Asteroids3\TPV2\TPV2\src\ecs\Manager.h(90,32): warning C4244: 'argumento': conversión de 'const int' a 'float'; posible pérdida de datos
  (compilando archivo de origen "src/systems/BulletSystem.cpp")
  C:\Users\AliciaMoraVelasco\Downloads\speeddating\Asteroids-main\Asteroids3\TPV2\TPV2\src\ecs\Manager.h(90,32):
  el contexto de creación de instancias de la plantilla (el más antiguo primero) es
  	C:\Users\AliciaMoraVelasco\Downloads\speeddating\Asteroids-main\Asteroids3\TPV2\TPV2\src\systems\BulletSystem.cpp(87,7):
  	Vea la referencia a la creación de una instancia de la función plantilla "T *Manager::addComponent<Transform,Vector2D&,Vector2D&,const int&,const int&,float&>(Entity *,Vector2D &,Vector2D &,const int &,const int &,float &)" que se está compilando
          with
          [
              T=Transform
          ]
  
  CollisionsSystem.cpp
C:\Users\AliciaMoraVelasco\Downloads\speeddating\Asteroids-main\Asteroids3\TPV2\TPV2\src\game\constants.h(16,25): warning C4838: la conversión de 'float' en 'int' requiere una conversión de restricción
  (compilando archivo de origen "src/systems/CollisionsSystem.cpp")
  
C:\Users\AliciaMoraVelasco\Downloads\speeddating\Asteroids-main\Asteroids3\TPV2\TPV2\src\game\constants.h(16,25): warning C4244: 'inicializando': conversión de 'float' a 'int'; posible pérdida de datos
  (compilando archivo de origen "src/systems/CollisionsSystem.cpp")
  
C:\Users\AliciaMoraVelasco\Downloads\speeddating\Asteroids-main\Asteroids3\TPV2\TPV2\src\game\constants.h(17,26): warning C4838: la conversión de 'float' en 'int' requiere una conversión de restricción
  (compilando archivo de origen "src/systems/CollisionsSystem.cpp")
  
C:\Users\AliciaMoraVelasco\Downloads\speeddating\Asteroids-main\Asteroids3\TPV2\TPV2\src\game\constants.h(17,26): warning C4244: 'inicializando': conversión de 'float' a 'int'; posible pérdida de datos
  (compilando archivo de origen "src/systems/CollisionsSystem.cpp")
  
C:\Users\AliciaMoraVelasco\Downloads\speeddating\Asteroids-main\Asteroids3\TPV2\TPV2\src\components\Transform.h(17,26): warning C4244: '=': conversión de 'float' a 'int'; posible pérdida de datos
  (compilando archivo de origen "src/systems/CollisionsSystem.cpp")
  
C:\Users\AliciaMoraVelasco\Downloads\speeddating\Asteroids-main\Asteroids3\TPV2\TPV2\src\components\Transform.h(18,26): warning C4244: '=': conversión de 'float' a 'int'; posible pérdida de datos
  (compilando archivo de origen "src/systems/CollisionsSystem.cpp")
  
C:\Users\AliciaMoraVelasco\Downloads\speeddating\Asteroids-main\Asteroids3\TPV2\TPV2\src\components\Transform.h(19,12): warning C4244: '=': conversión de 'float' a 'int'; posible pérdida de datos
  (compilando archivo de origen "src/systems/CollisionsSystem.cpp")
  
C:\Users\AliciaMoraVelasco\Downloads\speeddating\Asteroids-main\Asteroids3\TPV2\TPV2\src\components\Transform.h(20,12): warning C4244: '=': conversión de 'float' a 'int'; posible pérdida de datos
  (compilando archivo de origen "src/systems/CollisionsSystem.cpp")
  
C:\Users\AliciaMoraVelasco\Downloads\speeddating\Asteroids-main\Asteroids3\TPV2\TPV2\src\components\Transform.h(42,42): warning C4244: '=': conversión de 'int' a 'float'; posible pérdida de datos
  (compilando archivo de origen "src/systems/CollisionsSystem.cpp")
  
C:\Users\AliciaMoraVelasco\Downloads\speeddating\Asteroids-main\Asteroids3\TPV2\TPV2\src\systems\FighterSystem.h(94,29): warning C4244: 'argumento': conversión de 'const float' a 'int'; posible pérdida de datos
  (compilando archivo de origen "src/systems/CollisionsSystem.cpp")
  
C:\Users\AliciaMoraVelasco\Downloads\speeddating\Asteroids-main\Asteroids3\TPV2\TPV2\src\systems\FighterSystem.h(99,30): warning C4244: 'argumento': conversión de 'const float' a 'int'; posible pérdida de datos
  (compilando archivo de origen "src/systems/CollisionsSystem.cpp")
  
C:\Users\AliciaMoraVelasco\Downloads\speeddating\Asteroids-main\Asteroids3\TPV2\TPV2\src\systems\FighterSystem.h(103,30): warning C4244: 'argumento': conversión de 'const float' a 'int'; posible pérdida de datos
  (compilando archivo de origen "src/systems/CollisionsSystem.cpp")
  
C:\Users\AliciaMoraVelasco\Downloads\speeddating\Asteroids-main\Asteroids3\TPV2\TPV2\src\systems\FighterSystem.h(108,57): warning C4244: 'return': conversión de 'double' a 'float'; posible pérdida de datos
  (compilando archivo de origen "src/systems/CollisionsSystem.cpp")
  
  FighterSystem.cpp
C:\Users\AliciaMoraVelasco\Downloads\speeddating\Asteroids-main\Asteroids3\TPV2\TPV2\src\game\constants.h(16,25): warning C4838: la conversión de 'float' en 'int' requiere una conversión de restricción
  (compilando archivo de origen "src/systems/FighterSystem.cpp")
  
C:\Users\AliciaMoraVelasco\Downloads\speeddating\Asteroids-main\Asteroids3\TPV2\TPV2\src\game\constants.h(16,25): warning C4244: 'inicializando': conversión de 'float' a 'int'; posible pérdida de datos
  (compilando archivo de origen "src/systems/FighterSystem.cpp")
  
C:\Users\AliciaMoraVelasco\Downloads\speeddating\Asteroids-main\Asteroids3\TPV2\TPV2\src\game\constants.h(17,26): warning C4838: la conversión de 'float' en 'int' requiere una conversión de restricción
  (compilando archivo de origen "src/systems/FighterSystem.cpp")
  
C:\Users\AliciaMoraVelasco\Downloads\speeddating\Asteroids-main\Asteroids3\TPV2\TPV2\src\game\constants.h(17,26): warning C4244: 'inicializando': conversión de 'float' a 'int'; posible pérdida de datos
  (compilando archivo de origen "src/systems/FighterSystem.cpp")
  
C:\Users\AliciaMoraVelasco\Downloads\speeddating\Asteroids-main\Asteroids3\TPV2\TPV2\src\Components\Transform.h(17,26): warning C4244: '=': conversión de 'float' a 'int'; posible pérdida de datos
  (compilando archivo de origen "src/systems/FighterSystem.cpp")
  
C:\Users\AliciaMoraVelasco\Downloads\speeddating\Asteroids-main\Asteroids3\TPV2\TPV2\src\Components\Transform.h(18,26): warning C4244: '=': conversión de 'float' a 'int'; posible pérdida de datos
  (compilando archivo de origen "src/systems/FighterSystem.cpp")
  
C:\Users\AliciaMoraVelasco\Downloads\speeddating\Asteroids-main\Asteroids3\TPV2\TPV2\src\Components\Transform.h(19,12): warning C4244: '=': conversión de 'float' a 'int'; posible pérdida de datos
  (compilando archivo de origen "src/systems/FighterSystem.cpp")
  
C:\Users\AliciaMoraVelasco\Downloads\speeddating\Asteroids-main\Asteroids3\TPV2\TPV2\src\Components\Transform.h(20,12): warning C4244: '=': conversión de 'float' a 'int'; posible pérdida de datos
  (compilando archivo de origen "src/systems/FighterSystem.cpp")
  
C:\Users\AliciaMoraVelasco\Downloads\speeddating\Asteroids-main\Asteroids3\TPV2\TPV2\src\Components\Transform.h(42,42): warning C4244: '=': conversión de 'int' a 'float'; posible pérdida de datos
  (compilando archivo de origen "src/systems/FighterSystem.cpp")
  
C:\Users\AliciaMoraVelasco\Downloads\speeddating\Asteroids-main\Asteroids3\TPV2\TPV2\src\systems\FighterSystem.h(94,29): warning C4244: 'argumento': conversión de 'const float' a 'int'; posible pérdida de datos
  (compilando archivo de origen "src/systems/FighterSystem.cpp")
  
C:\Users\AliciaMoraVelasco\Downloads\speeddating\Asteroids-main\Asteroids3\TPV2\TPV2\src\systems\FighterSystem.h(99,30): warning C4244: 'argumento': conversión de 'const float' a 'int'; posible pérdida de datos
  (compilando archivo de origen "src/systems/FighterSystem.cpp")
  
C:\Users\AliciaMoraVelasco\Downloads\speeddating\Asteroids-main\Asteroids3\TPV2\TPV2\src\systems\FighterSystem.h(103,30): warning C4244: 'argumento': conversión de 'const float' a 'int'; posible pérdida de datos
  (compilando archivo de origen "src/systems/FighterSystem.cpp")
  
C:\Users\AliciaMoraVelasco\Downloads\speeddating\Asteroids-main\Asteroids3\TPV2\TPV2\src\systems\FighterSystem.h(108,57): warning C4244: 'return': conversión de 'double' a 'float'; posible pérdida de datos
  (compilando archivo de origen "src/systems/FighterSystem.cpp")
  
C:\Users\AliciaMoraVelasco\Downloads\speeddating\Asteroids-main\Asteroids3\TPV2\TPV2\src\sdlutils\SDLUtils.h(50,32): warning C4101: 'e': variable local sin referencia
  (compilando archivo de origen "src/systems/FighterSystem.cpp")
  C:\Users\AliciaMoraVelasco\Downloads\speeddating\Asteroids-main\Asteroids3\TPV2\TPV2\src\sdlutils\SDLUtils.h(50,32):
  el contexto de creación de instancias de la plantilla (el más antiguo primero) es
  	C:\Users\AliciaMoraVelasco\Downloads\speeddating\Asteroids-main\Asteroids3\TPV2\TPV2\src\sdlutils\SDLUtils.h(194,34):
  	Vea la referencia a la creación de una instancia de clase plantilla "SDLUtils::map_access_wrapper<SoundEffect>" que se está compilando
  	C:\Users\AliciaMoraVelasco\Downloads\speeddating\Asteroids-main\Asteroids3\TPV2\TPV2\src\sdlutils\SDLUtils.h(47,16):
  	al compilar la función del miembro clase plantilla "SoundEffect &SDLUtils::map_access_wrapper<SoundEffect>::at(std::string)"
  
C:\Users\AliciaMoraVelasco\Downloads\speeddating\Asteroids-main\Asteroids3\TPV2\TPV2\src\systems\FighterSystem.cpp(210,27): warning C4244: 'argumento': conversión de 'double' a 'float'; posible pérdida de datos
C:\Users\AliciaMoraVelasco\Downloads\speeddating\Asteroids-main\Asteroids3\TPV2\TPV2\src\systems\FighterSystem.cpp(211,27): warning C4244: 'argumento': conversión de 'double' a 'float'; posible pérdida de datos
C:\Users\AliciaMoraVelasco\Downloads\speeddating\Asteroids-main\Asteroids3\TPV2\TPV2\src\systems\FighterSystem.cpp(212,29): warning C4244: 'argumento': conversión de 'float' a 'int'; posible pérdida de datos
C:\Users\AliciaMoraVelasco\Downloads\speeddating\Asteroids-main\Asteroids3\TPV2\TPV2\src\systems\FighterSystem.cpp(218,27): warning C4244: 'argumento': conversión de 'double' a 'float'; posible pérdida de datos
C:\Users\AliciaMoraVelasco\Downloads\speeddating\Asteroids-main\Asteroids3\TPV2\TPV2\src\systems\FighterSystem.cpp(219,27): warning C4244: 'argumento': conversión de 'double' a 'float'; posible pérdida de datos
C:\Users\AliciaMoraVelasco\Downloads\speeddating\Asteroids-main\Asteroids3\TPV2\TPV2\src\systems\FighterSystem.cpp(220,29): warning C4244: 'argumento': conversión de 'float' a 'int'; posible pérdida de datos
  GameCtrlSystem.cpp
C:\Users\AliciaMoraVelasco\Downloads\speeddating\Asteroids-main\Asteroids3\TPV2\TPV2\src\game\constants.h(16,25): warning C4838: la conversión de 'float' en 'int' requiere una conversión de restricción
  (compilando archivo de origen "src/systems/GameCtrlSystem.cpp")
  
C:\Users\AliciaMoraVelasco\Downloads\speeddating\Asteroids-main\Asteroids3\TPV2\TPV2\src\game\constants.h(16,25): warning C4244: 'inicializando': conversión de 'float' a 'int'; posible pérdida de datos
  (compilando archivo de origen "src/systems/GameCtrlSystem.cpp")
  
C:\Users\AliciaMoraVelasco\Downloads\speeddating\Asteroids-main\Asteroids3\TPV2\TPV2\src\game\constants.h(17,26): warning C4838: la conversión de 'float' en 'int' requiere una conversión de restricción
  (compilando archivo de origen "src/systems/GameCtrlSystem.cpp")
  
C:\Users\AliciaMoraVelasco\Downloads\speeddating\Asteroids-main\Asteroids3\TPV2\TPV2\src\game\constants.h(17,26): warning C4244: 'inicializando': conversión de 'float' a 'int'; posible pérdida de datos
  (compilando archivo de origen "src/systems/GameCtrlSystem.cpp")
  
C:\Users\AliciaMoraVelasco\Downloads\speeddating\Asteroids-main\Asteroids3\TPV2\TPV2\src\Components\Transform.h(17,26): warning C4244: '=': conversión de 'float' a 'int'; posible pérdida de datos
  (compilando archivo de origen "src/systems/GameCtrlSystem.cpp")
  
C:\Users\AliciaMoraVelasco\Downloads\speeddating\Asteroids-main\Asteroids3\TPV2\TPV2\src\Components\Transform.h(18,26): warning C4244: '=': conversión de 'float' a 'int'; posible pérdida de datos
  (compilando archivo de origen "src/systems/GameCtrlSystem.cpp")
  
C:\Users\AliciaMoraVelasco\Downloads\speeddating\Asteroids-main\Asteroids3\TPV2\TPV2\src\Components\Transform.h(19,12): warning C4244: '=': conversión de 'float' a 'int'; posible pérdida de datos
  (compilando archivo de origen "src/systems/GameCtrlSystem.cpp")
  
C:\Users\AliciaMoraVelasco\Downloads\speeddating\Asteroids-main\Asteroids3\TPV2\TPV2\src\Components\Transform.h(20,12): warning C4244: '=': conversión de 'float' a 'int'; posible pérdida de datos
  (compilando archivo de origen "src/systems/GameCtrlSystem.cpp")
  
C:\Users\AliciaMoraVelasco\Downloads\speeddating\Asteroids-main\Asteroids3\TPV2\TPV2\src\Components\Transform.h(42,42): warning C4244: '=': conversión de 'int' a 'float'; posible pérdida de datos
  (compilando archivo de origen "src/systems/GameCtrlSystem.cpp")
  
C:\Users\AliciaMoraVelasco\Downloads\speeddating\Asteroids-main\Asteroids3\TPV2\TPV2\src\systems\FighterSystem.h(94,29): warning C4244: 'argumento': conversión de 'const float' a 'int'; posible pérdida de datos
  (compilando archivo de origen "src/systems/GameCtrlSystem.cpp")
  
C:\Users\AliciaMoraVelasco\Downloads\speeddating\Asteroids-main\Asteroids3\TPV2\TPV2\src\systems\FighterSystem.h(99,30): warning C4244: 'argumento': conversión de 'const float' a 'int'; posible pérdida de datos
  (compilando archivo de origen "src/systems/GameCtrlSystem.cpp")
  
C:\Users\AliciaMoraVelasco\Downloads\speeddating\Asteroids-main\Asteroids3\TPV2\TPV2\src\systems\FighterSystem.h(103,30): warning C4244: 'argumento': conversión de 'const float' a 'int'; posible pérdida de datos
  (compilando archivo de origen "src/systems/GameCtrlSystem.cpp")
  
C:\Users\AliciaMoraVelasco\Downloads\speeddating\Asteroids-main\Asteroids3\TPV2\TPV2\src\systems\FighterSystem.h(108,57): warning C4244: 'return': conversión de 'double' a 'float'; posible pérdida de datos
  (compilando archivo de origen "src/systems/GameCtrlSystem.cpp")
  
C:\Users\AliciaMoraVelasco\Downloads\speeddating\Asteroids-main\Asteroids3\TPV2\TPV2\src\sdlutils\SDLUtils.h(50,32): warning C4101: 'e': variable local sin referencia
  (compilando archivo de origen "src/systems/GameCtrlSystem.cpp")
  C:\Users\AliciaMoraVelasco\Downloads\speeddating\Asteroids-main\Asteroids3\TPV2\TPV2\src\sdlutils\SDLUtils.h(50,32):
  el contexto de creación de instancias de la plantilla (el más antiguo primero) es
  	C:\Users\AliciaMoraVelasco\Downloads\speeddating\Asteroids-main\Asteroids3\TPV2\TPV2\src\sdlutils\SDLUtils.h(191,27):
  	Vea la referencia a la creación de una instancia de clase plantilla "SDLUtils::map_access_wrapper<Font>" que se está compilando
  	C:\Users\AliciaMoraVelasco\Downloads\speeddating\Asteroids-main\Asteroids3\TPV2\TPV2\src\sdlutils\SDLUtils.h(47,16):
  	al compilar la función del miembro clase plantilla "Font &SDLUtils::map_access_wrapper<Font>::at(std::string)"
  
C:\Users\AliciaMoraVelasco\Downloads\speeddating\Asteroids-main\Asteroids3\TPV2\TPV2\src\systems\GameCtrlSystem.cpp(246,16): warning C4267: 'inicializando': conversión de 'size_t' a 'int'; posible pérdida de datos
  NetWorkSystem.cpp
C:\Users\AliciaMoraVelasco\Downloads\speeddating\Asteroids-main\Asteroids3\TPV2\TPV2\src\game\constants.h(16,25): warning C4838: la conversión de 'float' en 'int' requiere una conversión de restricción
  (compilando archivo de origen "src/systems/NetWorkSystem.cpp")
  
C:\Users\AliciaMoraVelasco\Downloads\speeddating\Asteroids-main\Asteroids3\TPV2\TPV2\src\game\constants.h(16,25): warning C4244: 'inicializando': conversión de 'float' a 'int'; posible pérdida de datos
  (compilando archivo de origen "src/systems/NetWorkSystem.cpp")
  
C:\Users\AliciaMoraVelasco\Downloads\speeddating\Asteroids-main\Asteroids3\TPV2\TPV2\src\game\constants.h(17,26): warning C4838: la conversión de 'float' en 'int' requiere una conversión de restricción
  (compilando archivo de origen "src/systems/NetWorkSystem.cpp")
  
C:\Users\AliciaMoraVelasco\Downloads\speeddating\Asteroids-main\Asteroids3\TPV2\TPV2\src\game\constants.h(17,26): warning C4244: 'inicializando': conversión de 'float' a 'int'; posible pérdida de datos
  (compilando archivo de origen "src/systems/NetWorkSystem.cpp")
  
C:\Users\AliciaMoraVelasco\Downloads\speeddating\Asteroids-main\Asteroids3\TPV2\TPV2\src\components\Transform.h(17,26): warning C4244: '=': conversión de 'float' a 'int'; posible pérdida de datos
  (compilando archivo de origen "src/systems/NetWorkSystem.cpp")
  
C:\Users\AliciaMoraVelasco\Downloads\speeddating\Asteroids-main\Asteroids3\TPV2\TPV2\src\components\Transform.h(18,26): warning C4244: '=': conversión de 'float' a 'int'; posible pérdida de datos
  (compilando archivo de origen "src/systems/NetWorkSystem.cpp")
  
C:\Users\AliciaMoraVelasco\Downloads\speeddating\Asteroids-main\Asteroids3\TPV2\TPV2\src\components\Transform.h(19,12): warning C4244: '=': conversión de 'float' a 'int'; posible pérdida de datos
  (compilando archivo de origen "src/systems/NetWorkSystem.cpp")
  
C:\Users\AliciaMoraVelasco\Downloads\speeddating\Asteroids-main\Asteroids3\TPV2\TPV2\src\components\Transform.h(20,12): warning C4244: '=': conversión de 'float' a 'int'; posible pérdida de datos
  (compilando archivo de origen "src/systems/NetWorkSystem.cpp")
  
C:\Users\AliciaMoraVelasco\Downloads\speeddating\Asteroids-main\Asteroids3\TPV2\TPV2\src\components\Transform.h(42,42): warning C4244: '=': conversión de 'int' a 'float'; posible pérdida de datos
  (compilando archivo de origen "src/systems/NetWorkSystem.cpp")
  
C:\Users\AliciaMoraVelasco\Downloads\speeddating\Asteroids-main\Asteroids3\TPV2\TPV2\src\systems\FighterSystem.h(94,29): warning C4244: 'argumento': conversión de 'const float' a 'int'; posible pérdida de datos
  (compilando archivo de origen "src/systems/NetWorkSystem.cpp")
  
C:\Users\AliciaMoraVelasco\Downloads\speeddating\Asteroids-main\Asteroids3\TPV2\TPV2\src\systems\FighterSystem.h(99,30): warning C4244: 'argumento': conversión de 'const float' a 'int'; posible pérdida de datos
  (compilando archivo de origen "src/systems/NetWorkSystem.cpp")
  
C:\Users\AliciaMoraVelasco\Downloads\speeddating\Asteroids-main\Asteroids3\TPV2\TPV2\src\systems\FighterSystem.h(103,30): warning C4244: 'argumento': conversión de 'const float' a 'int'; posible pérdida de datos
  (compilando archivo de origen "src/systems/NetWorkSystem.cpp")
  
C:\Users\AliciaMoraVelasco\Downloads\speeddating\Asteroids-main\Asteroids3\TPV2\TPV2\src\systems\FighterSystem.h(108,57): warning C4244: 'return': conversión de 'double' a 'float'; posible pérdida de datos
  (compilando archivo de origen "src/systems/NetWorkSystem.cpp")
  
C:\Users\AliciaMoraVelasco\Downloads\speeddating\Asteroids-main\Asteroids3\TPV2\TPV2\src\sdlutils\SDLUtils.h(50,32): warning C4101: 'e': variable local sin referencia
  (compilando archivo de origen "src/systems/NetWorkSystem.cpp")
  C:\Users\AliciaMoraVelasco\Downloads\speeddating\Asteroids-main\Asteroids3\TPV2\TPV2\src\sdlutils\SDLUtils.h(50,32):
  el contexto de creación de instancias de la plantilla (el más antiguo primero) es
  	C:\Users\AliciaMoraVelasco\Downloads\speeddating\Asteroids-main\Asteroids3\TPV2\TPV2\src\sdlutils\SDLUtils.h(194,34):
  	Vea la referencia a la creación de una instancia de clase plantilla "SDLUtils::map_access_wrapper<SoundEffect>" que se está compilando
  	C:\Users\AliciaMoraVelasco\Downloads\speeddating\Asteroids-main\Asteroids3\TPV2\TPV2\src\sdlutils\SDLUtils.h(47,16):
  	al compilar la función del miembro clase plantilla "SoundEffect &SDLUtils::map_access_wrapper<SoundEffect>::at(std::string)"
  
  RenderSystem.cpp
C:\Users\AliciaMoraVelasco\Downloads\speeddating\Asteroids-main\Asteroids3\TPV2\TPV2\src\game\constants.h(16,25): warning C4838: la conversión de 'float' en 'int' requiere una conversión de restricción
  (compilando archivo de origen "src/systems/RenderSystem.cpp")
  
C:\Users\AliciaMoraVelasco\Downloads\speeddating\Asteroids-main\Asteroids3\TPV2\TPV2\src\game\constants.h(16,25): warning C4244: 'inicializando': conversión de 'float' a 'int'; posible pérdida de datos
  (compilando archivo de origen "src/systems/RenderSystem.cpp")
  
C:\Users\AliciaMoraVelasco\Downloads\speeddating\Asteroids-main\Asteroids3\TPV2\TPV2\src\game\constants.h(17,26): warning C4838: la conversión de 'float' en 'int' requiere una conversión de restricción
  (compilando archivo de origen "src/systems/RenderSystem.cpp")
  
C:\Users\AliciaMoraVelasco\Downloads\speeddating\Asteroids-main\Asteroids3\TPV2\TPV2\src\game\constants.h(17,26): warning C4244: 'inicializando': conversión de 'float' a 'int'; posible pérdida de datos
  (compilando archivo de origen "src/systems/RenderSystem.cpp")
  
C:\Users\AliciaMoraVelasco\Downloads\speeddating\Asteroids-main\Asteroids3\TPV2\TPV2\src\Components\Transform.h(17,26): warning C4244: '=': conversión de 'float' a 'int'; posible pérdida de datos
  (compilando archivo de origen "src/systems/RenderSystem.cpp")
  
C:\Users\AliciaMoraVelasco\Downloads\speeddating\Asteroids-main\Asteroids3\TPV2\TPV2\src\Components\Transform.h(18,26): warning C4244: '=': conversión de 'float' a 'int'; posible pérdida de datos
  (compilando archivo de origen "src/systems/RenderSystem.cpp")
  
C:\Users\AliciaMoraVelasco\Downloads\speeddating\Asteroids-main\Asteroids3\TPV2\TPV2\src\Components\Transform.h(19,12): warning C4244: '=': conversión de 'float' a 'int'; posible pérdida de datos
  (compilando archivo de origen "src/systems/RenderSystem.cpp")
  
C:\Users\AliciaMoraVelasco\Downloads\speeddating\Asteroids-main\Asteroids3\TPV2\TPV2\src\Components\Transform.h(20,12): warning C4244: '=': conversión de 'float' a 'int'; posible pérdida de datos
  (compilando archivo de origen "src/systems/RenderSystem.cpp")
  
C:\Users\AliciaMoraVelasco\Downloads\speeddating\Asteroids-main\Asteroids3\TPV2\TPV2\src\Components\Transform.h(42,42): warning C4244: '=': conversión de 'int' a 'float'; posible pérdida de datos
  (compilando archivo de origen "src/systems/RenderSystem.cpp")
  
C:\Users\AliciaMoraVelasco\Downloads\speeddating\Asteroids-main\Asteroids3\TPV2\TPV2\src\systems\FighterSystem.h(94,29): warning C4244: 'argumento': conversión de 'const float' a 'int'; posible pérdida de datos
  (compilando archivo de origen "src/systems/RenderSystem.cpp")
  
C:\Users\AliciaMoraVelasco\Downloads\speeddating\Asteroids-main\Asteroids3\TPV2\TPV2\src\systems\FighterSystem.h(99,30): warning C4244: 'argumento': conversión de 'const float' a 'int'; posible pérdida de datos
  (compilando archivo de origen "src/systems/RenderSystem.cpp")
  
C:\Users\AliciaMoraVelasco\Downloads\speeddating\Asteroids-main\Asteroids3\TPV2\TPV2\src\systems\FighterSystem.h(103,30): warning C4244: 'argumento': conversión de 'const float' a 'int'; posible pérdida de datos
  (compilando archivo de origen "src/systems/RenderSystem.cpp")
  
C:\Users\AliciaMoraVelasco\Downloads\speeddating\Asteroids-main\Asteroids3\TPV2\TPV2\src\systems\FighterSystem.h(108,57): warning C4244: 'return': conversión de 'double' a 'float'; posible pérdida de datos
  (compilando archivo de origen "src/systems/RenderSystem.cpp")
  
C:\Users\AliciaMoraVelasco\Downloads\speeddating\Asteroids-main\Asteroids3\TPV2\TPV2\src\sdlutils\SDLUtils.h(50,32): warning C4101: 'e': variable local sin referencia
  (compilando archivo de origen "src/systems/RenderSystem.cpp")
  C:\Users\AliciaMoraVelasco\Downloads\speeddating\Asteroids-main\Asteroids3\TPV2\TPV2\src\sdlutils\SDLUtils.h(50,32):
  el contexto de creación de instancias de la plantilla (el más antiguo primero) es
  	C:\Users\AliciaMoraVelasco\Downloads\speeddating\Asteroids-main\Asteroids3\TPV2\TPV2\src\sdlutils\SDLUtils.h(192,30):
  	Vea la referencia a la creación de una instancia de clase plantilla "SDLUtils::map_access_wrapper<Texture>" que se está compilando
  	C:\Users\AliciaMoraVelasco\Downloads\speeddating\Asteroids-main\Asteroids3\TPV2\TPV2\src\sdlutils\SDLUtils.h(47,16):
  	al compilar la función del miembro clase plantilla "Texture &SDLUtils::map_access_wrapper<Texture>::at(std::string)"
  
  Generando código...
C:\Users\AliciaMoraVelasco\Downloads\speeddating\Asteroids-main\Asteroids3\TPV2\TPV2\src\Components\Transform.h(21,1): warning C4172: devolución de dirección de la variable local o temporal: rect
  Compilando...
  Collisions.cpp
  Vector2D.cpp
  Generando código...
     Creando biblioteca C:\Users\AliciaMoraVelasco\Downloads\speeddating\Asteroids-main\Asteroids3\TPV2\bin\TPV2Debug.lib y objeto C:\Users\AliciaMoraVelasco\Downloads\speeddating\Asteroids-main\Asteroids3\TPV2\bin\TPV2Debug.exp
  TPV2.vcxproj -> C:\Users\AliciaMoraVelasco\Downloads\speeddating\Asteroids-main\Asteroids3\TPV2\bin\TPV2Debug.exe
